Using pre-set license
Built from '2020.2/release' branch; Version is '2020.2.1f1 (270dd8c3da1c) revision 2559448'; Using compiler version '192528614'; Build Type 'Release'
OS: 'Windows 10  (10.0.0) 64bit' Language: 'en' Physical Memory: 32694 MB
BatchMode: 1, IsHumanControllingUs: 0, StartBugReporterOnCrash: 0, Is64bit: 1, IsPro: 0

 COMMAND LINE ARGUMENTS:
C:\Program Files\Unity\Hub\Editor\2020.2.1f1\Editor\Unity.exe
-adb2
-batchMode
-noUpm
-name
AssetImportWorker0
-projectPath
C:/Users/Owner/Documents/GitHub/Simon_Says_Backend/O-Hare-Says-main- SQL
-logFile
Logs/AssetImportWorker0.log
-srvPort
64394
Successfully changed project path to: C:/Users/Owner/Documents/GitHub/Simon_Says_Backend/O-Hare-Says-main- SQL
C:/Users/Owner/Documents/GitHub/Simon_Says_Backend/O-Hare-Says-main- SQL
Using Asset Import Pipeline V2.
Refreshing native plugins compatible for Editor in 72.12 ms, found 0 plugins.
Preloading 0 native plugins for Editor in 0.00 ms.
Initialize engine version: 2020.2.1f1 (270dd8c3da1c)
[Subsystems] Discovering subsystems at path C:/Program Files/Unity/Hub/Editor/2020.2.1f1/Editor/Data/Resources/UnitySubsystems
[Subsystems] Discovering subsystems at path C:/Users/Owner/Documents/GitHub/Simon_Says_Backend/O-Hare-Says-main- SQL/Assets
GfxDevice: creating device client; threaded=0
Direct3D:
    Version:  Direct3D 11.0 [level 11.1]
    Renderer: Intel(R) UHD Graphics 620 (ID=0x5917)
    Vendor:   
    VRAM:     16347 MB
    Driver:   27.20.100.9168
Initialize mono
Mono path[0] = 'C:/Program Files/Unity/Hub/Editor/2020.2.1f1/Editor/Data/Managed'
Mono path[1] = 'C:/Program Files/Unity/Hub/Editor/2020.2.1f1/Editor/Data/MonoBleedingEdge/lib/mono/unityjit'
Mono config path = 'C:/Program Files/Unity/Hub/Editor/2020.2.1f1/Editor/Data/MonoBleedingEdge/etc'
Using monoOptions --debugger-agent=transport=dt_socket,embedding=1,server=y,suspend=n,address=127.0.0.1:56700
Begin MonoManager ReloadAssembly
Registering precompiled unity dll's ...
Register platform support module: C:/Program Files/Unity/Hub/Editor/2020.2.1f1/Editor/Data/PlaybackEngines/WebGLSupport/UnityEditor.WebGL.Extensions.dll
Register platform support module: C:/Program Files/Unity/Hub/Editor/2020.2.1f1/Editor/Data/PlaybackEngines/MacStandaloneSupport/UnityEditor.OSXStandalone.Extensions.dll
Register platform support module: C:/Program Files/Unity/Hub/Editor/2020.2.1f1/Editor/Data/PlaybackEngines/WindowsStandaloneSupport/UnityEditor.WindowsStandalone.Extensions.dll
Register platform support module: C:/Program Files/Unity/Hub/Editor/2020.2.1f1/Editor/Data/PlaybackEngines/LinuxStandaloneSupport/UnityEditor.LinuxStandalone.Extensions.dll
Register platform support module: C:/Program Files/Unity/Hub/Editor/2020.2.1f1/Editor/Data/PlaybackEngines/LuminSupport/UnityEditor.Lumin.Extensions.dll
Registered in 0.011164 seconds.
Native extension for Lumin target not found
Native extension for LinuxStandalone target not found
Native extension for WindowsStandalone target not found
Native extension for OSXStandalone target not found
Native extension for WebGL target not found
Refreshing native plugins compatible for Editor in 59.64 ms, found 0 plugins.
Preloading 0 native plugins for Editor in 0.00 ms.
Invoked RoslynAnalysisRunner static constructor.
RoslynAnalysisRunner will not be running.
RoslynAnalysisRunner has terminated.
Mono: successfully reloaded assembly
- Completed reload, in  5.046 seconds
Platform modules already initialized, skipping
Registering precompiled user dll's ...
Registered in 0.006352 seconds.
Begin MonoManager ReloadAssembly
Native extension for Lumin target not found
Native extension for LinuxStandalone target not found
Native extension for WindowsStandalone target not found
Native extension for OSXStandalone target not found
Native extension for WebGL target not found
Refreshing native plugins compatible for Editor in 0.35 ms, found 0 plugins.
Preloading 0 native plugins for Editor in 0.00 ms.
Invoked RoslynAnalysisRunner static constructor.
RoslynAnalysisRunner will not be running.
RoslynAnalysisRunner has terminated.
Mono: successfully reloaded assembly
- Completed reload, in  1.891 seconds
Platform modules already initialized, skipping
========================================================================
Worker process is ready to serve import requests
Launched and connected shader compiler UnityShaderCompiler.exe after 0.06 seconds
Refreshing native plugins compatible for Editor in 0.37 ms, found 0 plugins.
Preloading 0 native plugins for Editor in 0.00 ms.
Unloading 1154 Unused Serialized files (Serialized files now loaded: 0)
System memory in use before: 59.9 MB.
System memory in use after: 60.0 MB.

Unloading 15 unused Assets to reduce memory usage. Loaded Objects now: 1591.
Total: 2.433200 ms (FindLiveObjects: 0.308300 ms CreateObjectMapping: 0.107300 ms MarkObjects: 1.907200 ms  DeleteObjects: 0.108400 ms)

========================================================================
Received Import Request.
  path: Assets/Materials
  artifactKey: Guid(26b88f32595d26c478a07de7129dec81) Importer(815301076,1909f56bfc062723c751e8b465ee728b)
Start importing Assets/Materials using Guid(26b88f32595d26c478a07de7129dec81) Importer(815301076,1909f56bfc062723c751e8b465ee728b)  -> (artifact id: 'fb98120a2db8d3f6da06dfbf826da689') in 0.006767 seconds
  Import took 0.010138 seconds .

========================================================================
Received Import Request.
  Time since last request: 27.936564 seconds.
  path: Assets/Materials/Button1_Blue.fbx
  artifactKey: Guid(13b5489a8fd2b194c91e92a48919ec24) Importer(815301076,1909f56bfc062723c751e8b465ee728b)
Start importing Assets/Materials/Button1_Blue.fbx using Guid(13b5489a8fd2b194c91e92a48919ec24) Importer(815301076,1909f56bfc062723c751e8b465ee728b)  -> (artifact id: 'd3c0d52007df5c05860e9cea444916db') in 0.535877 seconds
  Import took 0.540397 seconds .

========================================================================
Received Import Request.
  Time since last request: 0.000409 seconds.
  path: Assets/Materials/Button4_Green.fbx
  artifactKey: Guid(ec7ebcfe1c5771548ba6f88ba7ee4b74) Importer(815301076,1909f56bfc062723c751e8b465ee728b)
Start importing Assets/Materials/Button4_Green.fbx using Guid(ec7ebcfe1c5771548ba6f88ba7ee4b74) Importer(815301076,1909f56bfc062723c751e8b465ee728b)  -> (artifact id: 'fb9678d5faeee94f53fdc51064c51ad6') in 0.044497 seconds
  Import took 0.048206 seconds .

========================================================================
Received Import Request.
  Time since last request: 0.000443 seconds.
  path: Assets/Materials/OHare Says Case.fbx
  artifactKey: Guid(03451f04c69cc384bb11a0d7dd67d18d) Importer(815301076,1909f56bfc062723c751e8b465ee728b)
Start importing Assets/Materials/OHare Says Case.fbx using Guid(03451f04c69cc384bb11a0d7dd67d18d) Importer(815301076,1909f56bfc062723c751e8b465ee728b)  -> (artifact id: 'ba24733efaa8d6a5e732f49f35601c6e') in 0.549787 seconds
  Import took 0.554422 seconds .

========================================================================
Received Import Request.
  Time since last request: 0.000427 seconds.
  path: Assets/Materials/Button3_Yellow.fbx
  artifactKey: Guid(64cdc5cbb3f453e4191269134b6b1eb0) Importer(815301076,1909f56bfc062723c751e8b465ee728b)
Start importing Assets/Materials/Button3_Yellow.fbx using Guid(64cdc5cbb3f453e4191269134b6b1eb0) Importer(815301076,1909f56bfc062723c751e8b465ee728b)  -> (artifact id: '98c931f3742bec3641277f2e18b7a6ef') in 0.061295 seconds
  Import took 0.065377 seconds .

========================================================================
Received Import Request.
  Time since last request: 0.000483 seconds.
  path: Assets/Materials/Button2_Red.fbx
  artifactKey: Guid(095fb0cef7751c34e9bf90e510dd13cb) Importer(815301076,1909f56bfc062723c751e8b465ee728b)
Start importing Assets/Materials/Button2_Red.fbx using Guid(095fb0cef7751c34e9bf90e510dd13cb) Importer(815301076,1909f56bfc062723c751e8b465ee728b)  -> (artifact id: '53797f2387ad742150127d6c087f4731') in 0.053785 seconds
  Import took 0.060129 seconds .

========================================================================
Received Prepare
Registering precompiled user dll's ...
Registered in 0.042013 seconds.
Begin MonoManager ReloadAssembly
Native extension for Lumin target not found
Native extension for LinuxStandalone target not found
Native extension for WindowsStandalone target not found
Native extension for OSXStandalone target not found
Native extension for WebGL target not found
Refreshing native plugins compatible for Editor in 1.00 ms, found 0 plugins.
Preloading 0 native plugins for Editor in 0.00 ms.
Invoked RoslynAnalysisRunner static constructor.
RoslynAnalysisRunner will not be running.
RoslynAnalysisRunner has terminated.
Mono: successfully reloaded assembly
- Completed reload, in  5.341 seconds
Platform modules already initialized, skipping
Refreshing native plugins compatible for Editor in 0.67 ms, found 0 plugins.
Preloading 0 native plugins for Editor in 0.00 ms.
Unloading 1136 Unused Serialized files (Serialized files now loaded: 0)
System memory in use before: 62.8 MB.
System memory in use after: 62.8 MB.

Unloading 10 unused Assets to reduce memory usage. Loaded Objects now: 1636.
Total: 6.652700 ms (FindLiveObjects: 0.490300 ms CreateObjectMapping: 0.178100 ms MarkObjects: 5.847700 ms  DeleteObjects: 0.133800 ms)

========================================================================
Received Import Request.
  Time since last request: 1150.049084 seconds.
  path: Assets/Scenes/O Hare Says.unity
  artifactKey: Guid(9b7f2c2b429d80944a9f8964650a1546) Importer(815301076,1909f56bfc062723c751e8b465ee728b)
Start importing Assets/Scenes/O Hare Says.unity using Guid(9b7f2c2b429d80944a9f8964650a1546) Importer(815301076,1909f56bfc062723c751e8b465ee728b)  -> (artifact id: '081e2f286883060dcafca14fc12ef798') in 0.031428 seconds
  Import took 0.037712 seconds .

========================================================================
Received Import Request.
  Time since last request: 0.011581 seconds.
  path: Assets/Scenes/O Hare Says.unity
  artifactKey: Guid(9b7f2c2b429d80944a9f8964650a1546) Importer(815301076,1909f56bfc062723c751e8b465ee728b)
Start importing Assets/Scenes/O Hare Says.unity using Guid(9b7f2c2b429d80944a9f8964650a1546) Importer(815301076,1909f56bfc062723c751e8b465ee728b)  -> (artifact id: '081e2f286883060dcafca14fc12ef798') in 0.005610 seconds
  Import took 0.012295 seconds .

========================================================================
Received Import Request.
  Time since last request: 3.596779 seconds.
  path: Assets/Scenes/SampleScene.unity
  artifactKey: Guid(9fc0d4010bbf28b4594072e72b8655ab) Importer(815301076,1909f56bfc062723c751e8b465ee728b)
Start importing Assets/Scenes/SampleScene.unity using Guid(9fc0d4010bbf28b4594072e72b8655ab) Importer(815301076,1909f56bfc062723c751e8b465ee728b)  -> (artifact id: '6831191aa0c20e9d77551db854357b97') in 0.012370 seconds
  Import took 0.021530 seconds .

========================================================================
Received Import Request.
  Time since last request: 117.866879 seconds.
  path: Assets/Scripts/DBInterface.cs
  artifactKey: Guid(e33cb60cf189da347af2e80c696c221f) Importer(815301076,1909f56bfc062723c751e8b465ee728b)
Start importing Assets/Scripts/DBInterface.cs using Guid(e33cb60cf189da347af2e80c696c221f) Importer(815301076,1909f56bfc062723c751e8b465ee728b)  -> (artifact id: '5e41a3e302a1563a1f4c82980a7e2239') in 0.021773 seconds
  Import took 0.026019 seconds .

========================================================================
Received Import Request.
  Time since last request: 9.918752 seconds.
  path: Assets/Scripts/GameManager.cs
  artifactKey: Guid(fb148347148a1fa499b739077c616a25) Importer(815301076,1909f56bfc062723c751e8b465ee728b)
Start importing Assets/Scripts/GameManager.cs using Guid(fb148347148a1fa499b739077c616a25) Importer(815301076,1909f56bfc062723c751e8b465ee728b)  -> (artifact id: 'ed88fe4eeae005d46a77802e0aa941f4') in 0.006901 seconds
  Import took 0.010383 seconds .

========================================================================
Received Import Request.
  Time since last request: 0.002557 seconds.
  path: Assets/Scripts/GameManager.cs
  artifactKey: Guid(fb148347148a1fa499b739077c616a25) Importer(815301076,1909f56bfc062723c751e8b465ee728b)
Start importing Assets/Scripts/GameManager.cs using Guid(fb148347148a1fa499b739077c616a25) Importer(815301076,1909f56bfc062723c751e8b465ee728b)  -> (artifact id: 'ed88fe4eeae005d46a77802e0aa941f4') in 0.009085 seconds
  Import took 0.015738 seconds .

========================================================================
Received Import Request.
  Time since last request: 2.872408 seconds.
  path: Assets/Scripts/HideLeaderBoard.cs
  artifactKey: Guid(24f154fd66bd9cf468ab19085b943688) Importer(815301076,1909f56bfc062723c751e8b465ee728b)
Start importing Assets/Scripts/HideLeaderBoard.cs using Guid(24f154fd66bd9cf468ab19085b943688) Importer(815301076,1909f56bfc062723c751e8b465ee728b)  -> (artifact id: 'bf666572fdcbda11c99f47831080a3b3') in 0.004818 seconds
  Import took 0.008800 seconds .

========================================================================
Received Import Request.
  Time since last request: 0.001024 seconds.
  path: Assets/Scripts/HideLeaderBoard.cs
  artifactKey: Guid(24f154fd66bd9cf468ab19085b943688) Importer(815301076,1909f56bfc062723c751e8b465ee728b)
Start importing Assets/Scripts/HideLeaderBoard.cs using Guid(24f154fd66bd9cf468ab19085b943688) Importer(815301076,1909f56bfc062723c751e8b465ee728b)  -> (artifact id: 'bf666572fdcbda11c99f47831080a3b3') in 0.004827 seconds
  Import took 0.009015 seconds .

========================================================================
Received Import Request.
  Time since last request: 2.038596 seconds.
  path: Assets/Scripts/UserInterface.cs
  artifactKey: Guid(830982b976318ee459824503532ebfef) Importer(815301076,1909f56bfc062723c751e8b465ee728b)
Start importing Assets/Scripts/UserInterface.cs using Guid(830982b976318ee459824503532ebfef) Importer(815301076,1909f56bfc062723c751e8b465ee728b)  -> (artifact id: 'd6cc2a44b58d501714dfbd856c281770') in 0.005521 seconds
  Import took 0.011111 seconds .

========================================================================
Received Import Request.
  Time since last request: 0.003251 seconds.
  path: Assets/Scripts/UserInterface.cs
  artifactKey: Guid(830982b976318ee459824503532ebfef) Importer(815301076,1909f56bfc062723c751e8b465ee728b)
Start importing Assets/Scripts/UserInterface.cs using Guid(830982b976318ee459824503532ebfef) Importer(815301076,1909f56bfc062723c751e8b465ee728b)  -> (artifact id: 'd6cc2a44b58d501714dfbd856c281770') in 0.003604 seconds
  Import took 0.009307 seconds .

========================================================================
Received Import Request.
  Time since last request: 2.583328 seconds.
  path: Assets/Scripts/ShowLeaderBoard.cs
  artifactKey: Guid(191864932099e234c856975860cd8682) Importer(815301076,1909f56bfc062723c751e8b465ee728b)
Start importing Assets/Scripts/ShowLeaderBoard.cs using Guid(191864932099e234c856975860cd8682) Importer(815301076,1909f56bfc062723c751e8b465ee728b)  -> (artifact id: '4a67f235e3b59260ac675d6d197f09c4') in 0.006151 seconds
  Import took 0.011481 seconds .

========================================================================
Received Import Request.
  Time since last request: 1.488474 seconds.
  path: Assets/Scripts/Score.cs
  artifactKey: Guid(9b08ce7c75fc3e84aae930eb2deb5f49) Importer(815301076,1909f56bfc062723c751e8b465ee728b)
Start importing Assets/Scripts/Score.cs using Guid(9b08ce7c75fc3e84aae930eb2deb5f49) Importer(815301076,1909f56bfc062723c751e8b465ee728b)  -> (artifact id: 'bc3862c6cf861c8ce55ef0a9cb99762e') in 0.008585 seconds
  Import took 0.013296 seconds .

========================================================================
Received Import Request.
  Time since last request: 2.676127 seconds.
  path: Assets/Scripts/PlayMenu.cs
  artifactKey: Guid(7c8eb5a51a1a96c4282a5daeaa19ff8d) Importer(815301076,1909f56bfc062723c751e8b465ee728b)
Start importing Assets/Scripts/PlayMenu.cs using Guid(7c8eb5a51a1a96c4282a5daeaa19ff8d) Importer(815301076,1909f56bfc062723c751e8b465ee728b)  -> (artifact id: '0212857a84afc72e51926fa7c77da506') in 0.006483 seconds
  Import took 0.017474 seconds .

========================================================================
Received Import Request.
  Time since last request: 3.140587 seconds.
  path: Assets/Scripts/Button.cs
  artifactKey: Guid(2a87f09765bac064bb69bf4cb21e822f) Importer(815301076,1909f56bfc062723c751e8b465ee728b)
Start importing Assets/Scripts/Button.cs using Guid(2a87f09765bac064bb69bf4cb21e822f) Importer(815301076,1909f56bfc062723c751e8b465ee728b)  -> (artifact id: '3883bb82facfbbe7a57611de4c28c24a') in 0.005475 seconds
  Import took 0.016173 seconds .

========================================================================
Received Prepare
Registering precompiled user dll's ...
Registered in 0.010025 seconds.
Begin MonoManager ReloadAssembly
Native extension for Lumin target not found
Native extension for LinuxStandalone target not found
Native extension for WindowsStandalone target not found
Native extension for OSXStandalone target not found
Native extension for WebGL target not found
Refreshing native plugins compatible for Editor in 0.54 ms, found 0 plugins.
Preloading 0 native plugins for Editor in 0.00 ms.
Invoked RoslynAnalysisRunner static constructor.
RoslynAnalysisRunner will not be running.
RoslynAnalysisRunner has terminated.
Mono: successfully reloaded assembly
- Completed reload, in  2.152 seconds
Platform modules already initialized, skipping
Refreshing native plugins compatible for Editor in 0.52 ms, found 0 plugins.
Preloading 0 native plugins for Editor in 0.00 ms.
Unloading 1136 Unused Serialized files (Serialized files now loaded: 0)
System memory in use before: 63.1 MB.
System memory in use after: 63.2 MB.

Unloading 10 unused Assets to reduce memory usage. Loaded Objects now: 1638.
Total: 9.829000 ms (FindLiveObjects: 0.515800 ms CreateObjectMapping: 0.157700 ms MarkObjects: 9.038300 ms  DeleteObjects: 0.114500 ms)

========================================================================
Received Prepare
Registering precompiled user dll's ...
Registered in 0.007997 seconds.
Begin MonoManager ReloadAssembly
Native extension for Lumin target not found
Native extension for LinuxStandalone target not found
Native extension for WindowsStandalone target not found
Native extension for OSXStandalone target not found
Native extension for WebGL target not found
Refreshing native plugins compatible for Editor in 1.40 ms, found 0 plugins.
Preloading 0 native plugins for Editor in 0.00 ms.
Invoked RoslynAnalysisRunner static constructor.
RoslynAnalysisRunner will not be running.
RoslynAnalysisRunner has terminated.
Mono: successfully reloaded assembly
- Completed reload, in  2.917 seconds
Platform modules already initialized, skipping
Refreshing native plugins compatible for Editor in 2.51 ms, found 0 plugins.
Preloading 0 native plugins for Editor in 0.00 ms.
Unloading 1136 Unused Serialized files (Serialized files now loaded: 0)
System memory in use before: 63.2 MB.
System memory in use after: 63.3 MB.

Unloading 10 unused Assets to reduce memory usage. Loaded Objects now: 1640.
Total: 7.725600 ms (FindLiveObjects: 1.206400 ms CreateObjectMapping: 0.195100 ms MarkObjects: 6.201400 ms  DeleteObjects: 0.119500 ms)

========================================================================
Received Import Request.
  Time since last request: 2056.716548 seconds.
  path: Assets/Materials/Button_Blue_Test.fbx
  artifactKey: Guid(6048e6aa6493306409b2f292ed9cf27f) Importer(815301076,1909f56bfc062723c751e8b465ee728b)
Start importing Assets/Materials/Button_Blue_Test.fbx using Guid(6048e6aa6493306409b2f292ed9cf27f) Importer(815301076,1909f56bfc062723c751e8b465ee728b)  -> (artifact id: '706aafde0bcb9e2a21322faef3379b00') in 0.303563 seconds
  Import took 0.308626 seconds .

========================================================================
Received Prepare
Registering precompiled user dll's ...
Registered in 0.013443 seconds.
Begin MonoManager ReloadAssembly
Native extension for Lumin target not found
Native extension for LinuxStandalone target not found
Native extension for WindowsStandalone target not found
Native extension for OSXStandalone target not found
Native extension for WebGL target not found
Refreshing native plugins compatible for Editor in 0.57 ms, found 0 plugins.
Preloading 0 native plugins for Editor in 0.00 ms.
Invoked RoslynAnalysisRunner static constructor.
RoslynAnalysisRunner will not be running.
RoslynAnalysisRunner has terminated.
Mono: successfully reloaded assembly
- Completed reload, in  2.395 seconds
Platform modules already initialized, skipping
Refreshing native plugins compatible for Editor in 0.52 ms, found 0 plugins.
Preloading 0 native plugins for Editor in 0.00 ms.
Unloading 1136 Unused Serialized files (Serialized files now loaded: 0)
System memory in use before: 63.7 MB.
System memory in use after: 63.7 MB.

Unloading 10 unused Assets to reduce memory usage. Loaded Objects now: 1643.
Total: 6.078600 ms (FindLiveObjects: 0.904700 ms CreateObjectMapping: 0.208200 ms MarkObjects: 4.895200 ms  DeleteObjects: 0.067200 ms)

========================================================================
Received Import Request.
  Time since last request: 1221.381283 seconds.
  path: Assets/Materials/Button_Blue_Mesh.fbx
  artifactKey: Guid(c749f16be16db5142afa67da41b8d252) Importer(815301076,1909f56bfc062723c751e8b465ee728b)
Start importing Assets/Materials/Button_Blue_Mesh.fbx using Guid(c749f16be16db5142afa67da41b8d252) Importer(815301076,1909f56bfc062723c751e8b465ee728b)  -> (artifact id: '909e673d8a360e7f4e2590c141a572d5') in 0.238749 seconds
  Import took 0.245315 seconds .

========================================================================
Received Prepare
Registering precompiled user dll's ...
Registered in 0.027971 seconds.
Begin MonoManager ReloadAssembly
Native extension for Lumin target not found
Native extension for LinuxStandalone target not found
Native extension for WindowsStandalone target not found
Native extension for OSXStandalone target not found
Native extension for WebGL target not found
Refreshing native plugins compatible for Editor in 1.12 ms, found 0 plugins.
Preloading 0 native plugins for Editor in 0.00 ms.
Invoked RoslynAnalysisRunner static constructor.
RoslynAnalysisRunner will not be running.
RoslynAnalysisRunner has terminated.
Mono: successfully reloaded assembly
- Completed reload, in  8.788 seconds
Platform modules already initialized, skipping
Refreshing native plugins compatible for Editor in 0.86 ms, found 0 plugins.
Preloading 0 native plugins for Editor in 0.00 ms.
Unloading 1136 Unused Serialized files (Serialized files now loaded: 0)
System memory in use before: 64.0 MB.
System memory in use after: 64.0 MB.

Unloading 10 unused Assets to reduce memory usage. Loaded Objects now: 1646.
Total: 10.217200 ms (FindLiveObjects: 1.485200 ms CreateObjectMapping: 0.625400 ms MarkObjects: 8.001700 ms  DeleteObjects: 0.099700 ms)

========================================================================
Received Import Request.
  Time since last request: 1624.406604 seconds.
  path: ProjectSettings/TagManager.asset
  artifactKey: Guid(00000000000000003000000000000000) Importer(815301076,1909f56bfc062723c751e8b465ee728b)
Start importing ProjectSettings/TagManager.asset using Guid(00000000000000003000000000000000) Importer(815301076,1909f56bfc062723c751e8b465ee728b)  -> (artifact id: '2a276bfe1a8cbeea2c89852a4ad7a997') in 0.098360 seconds
  Import took 0.109817 seconds .

========================================================================
Received Prepare
Registering precompiled user dll's ...
Registered in 0.013182 seconds.
Begin MonoManager ReloadAssembly
Native extension for Lumin target not found
Native extension for LinuxStandalone target not found
Native extension for WindowsStandalone target not found
Native extension for OSXStandalone target not found
Native extension for WebGL target not found
Refreshing native plugins compatible for Editor in 0.77 ms, found 0 plugins.
Preloading 0 native plugins for Editor in 0.00 ms.
Invoked RoslynAnalysisRunner static constructor.
RoslynAnalysisRunner will not be running.
RoslynAnalysisRunner has terminated.
Mono: successfully reloaded assembly
- Completed reload, in  5.928 seconds
Platform modules already initialized, skipping
Refreshing native plugins compatible for Editor in 0.76 ms, found 0 plugins.
Preloading 0 native plugins for Editor in 0.00 ms.
Unloading 1136 Unused Serialized files (Serialized files now loaded: 0)
System memory in use before: 64.3 MB.
System memory in use after: 64.3 MB.

Unloading 11 unused Assets to reduce memory usage. Loaded Objects now: 1648.
Total: 5.884900 ms (FindLiveObjects: 0.561500 ms CreateObjectMapping: 0.161300 ms MarkObjects: 5.018200 ms  DeleteObjects: 0.141200 ms)

========================================================================
Received Import Request.
  Time since last request: 1129.450694 seconds.
  path: Assets/Materials/O'Hare_Says_Final.fbx
  artifactKey: Guid(d2a69e081562ef04aa251662791f52cf) Importer(815301076,1909f56bfc062723c751e8b465ee728b)
Start importing Assets/Materials/O'Hare_Says_Final.fbx using Guid(d2a69e081562ef04aa251662791f52cf) Importer(815301076,1909f56bfc062723c751e8b465ee728b)  -> (artifact id: 'be34011d41bf45faa0d1e04c61ef6fa6') in 0.592918 seconds
  Import took 0.600290 seconds .

========================================================================
Received Prepare
Registering precompiled user dll's ...
Registered in 0.173634 seconds.
Begin MonoManager ReloadAssembly
Native extension for Lumin target not found
Native extension for LinuxStandalone target not found
Native extension for WindowsStandalone target not found
Native extension for OSXStandalone target not found
Native extension for WebGL target not found
Refreshing native plugins compatible for Editor in 0.61 ms, found 0 plugins.
Preloading 0 native plugins for Editor in 0.00 ms.
Invoked RoslynAnalysisRunner static constructor.
RoslynAnalysisRunner will not be running.
RoslynAnalysisRunner has terminated.
Mono: successfully reloaded assembly
- Completed reload, in  4.732 seconds
Platform modules already initialized, skipping
Refreshing native plugins compatible for Editor in 0.40 ms, found 0 plugins.
Preloading 0 native plugins for Editor in 0.00 ms.
Unloading 1136 Unused Serialized files (Serialized files now loaded: 0)
System memory in use before: 64.4 MB.
System memory in use after: 64.4 MB.

Unloading 10 unused Assets to reduce memory usage. Loaded Objects now: 1651.
Total: 5.346400 ms (FindLiveObjects: 0.854100 ms CreateObjectMapping: 0.237300 ms MarkObjects: 4.126900 ms  DeleteObjects: 0.107300 ms)

========================================================================
Received Prepare
Registering precompiled user dll's ...
Registered in 0.037286 seconds.
Begin MonoManager ReloadAssembly
Native extension for Lumin target not found
Native extension for LinuxStandalone target not found
Native extension for WindowsStandalone target not found
Native extension for OSXStandalone target not found
Native extension for WebGL target not found
Refreshing native plugins compatible for Editor in 3.19 ms, found 0 plugins.
Preloading 0 native plugins for Editor in 0.00 ms.
Invoked RoslynAnalysisRunner static constructor.
RoslynAnalysisRunner will not be running.
RoslynAnalysisRunner has terminated.
Mono: successfully reloaded assembly
- Completed reload, in  6.788 seconds
Platform modules already initialized, skipping
Refreshing native plugins compatible for Editor in 0.62 ms, found 0 plugins.
Preloading 0 native plugins for Editor in 0.00 ms.
Unloading 1136 Unused Serialized files (Serialized files now loaded: 0)
System memory in use before: 63.9 MB.
System memory in use after: 64.0 MB.

Unloading 10 unused Assets to reduce memory usage. Loaded Objects now: 1653.
Total: 12.802900 ms (FindLiveObjects: 0.594400 ms CreateObjectMapping: 3.977000 ms MarkObjects: 8.118400 ms  DeleteObjects: 0.108800 ms)

========================================================================
Received Prepare
Registering precompiled user dll's ...
Registered in 0.011662 seconds.
Begin MonoManager ReloadAssembly
Native extension for Lumin target not found
Native extension for LinuxStandalone target not found
Native extension for WindowsStandalone target not found
Native extension for OSXStandalone target not found
Native extension for WebGL target not found
Refreshing native plugins compatible for Editor in 0.59 ms, found 0 plugins.
Preloading 0 native plugins for Editor in 0.00 ms.
Invoked RoslynAnalysisRunner static constructor.
RoslynAnalysisRunner will not be running.
RoslynAnalysisRunner has terminated.
Mono: successfully reloaded assembly
- Completed reload, in  4.682 seconds
Platform modules already initialized, skipping
Refreshing native plugins compatible for Editor in 0.70 ms, found 0 plugins.
Preloading 0 native plugins for Editor in 0.00 ms.
Unloading 1136 Unused Serialized files (Serialized files now loaded: 0)
System memory in use before: 64.2 MB.
System memory in use after: 64.3 MB.

Unloading 10 unused Assets to reduce memory usage. Loaded Objects now: 1655.
Total: 4.214900 ms (FindLiveObjects: 0.698600 ms CreateObjectMapping: 0.140700 ms MarkObjects: 3.254000 ms  DeleteObjects: 0.115800 ms)

========================================================================
Received Prepare
Registering precompiled user dll's ...
Registered in 0.027509 seconds.
Begin MonoManager ReloadAssembly
Native extension for Lumin target not found
Native extension for LinuxStandalone target not found
Native extension for WindowsStandalone target not found
Native extension for OSXStandalone target not found
Native extension for WebGL target not found
Refreshing native plugins compatible for Editor in 0.70 ms, found 0 plugins.
Preloading 0 native plugins for Editor in 0.00 ms.
Invoked RoslynAnalysisRunner static constructor.
RoslynAnalysisRunner will not be running.
RoslynAnalysisRunner has terminated.
Mono: successfully reloaded assembly
- Completed reload, in  5.273 seconds
Platform modules already initialized, skipping
Refreshing native plugins compatible for Editor in 1.31 ms, found 0 plugins.
Preloading 0 native plugins for Editor in 0.03 ms.
Unloading 1136 Unused Serialized files (Serialized files now loaded: 0)
System memory in use before: 64.4 MB.
System memory in use after: 64.4 MB.

Unloading 10 unused Assets to reduce memory usage. Loaded Objects now: 1657.
Total: 18.357400 ms (FindLiveObjects: 2.492500 ms CreateObjectMapping: 5.407800 ms MarkObjects: 10.329800 ms  DeleteObjects: 0.120400 ms)

========================================================================
Received Prepare
Registering precompiled user dll's ...
Registered in 0.026890 seconds.
Begin MonoManager ReloadAssembly
Native extension for Lumin target not found
Native extension for LinuxStandalone target not found
Native extension for WindowsStandalone target not found
Native extension for OSXStandalone target not found
Native extension for WebGL target not found
Refreshing native plugins compatible for Editor in 1.11 ms, found 0 plugins.
Preloading 0 native plugins for Editor in 0.00 ms.
Invoked RoslynAnalysisRunner static constructor.
RoslynAnalysisRunner will not be running.
RoslynAnalysisRunner has terminated.
Mono: successfully reloaded assembly
- Completed reload, in 13.208 seconds
Platform modules already initialized, skipping
Refreshing native plugins compatible for Editor in 1.26 ms, found 0 plugins.
Preloading 0 native plugins for Editor in 0.00 ms.
Unloading 1136 Unused Serialized files (Serialized files now loaded: 0)
System memory in use before: 63.8 MB.
System memory in use after: 63.8 MB.

Unloading 10 unused Assets to reduce memory usage. Loaded Objects now: 1659.
Total: 49.119000 ms (FindLiveObjects: 0.968100 ms CreateObjectMapping: 0.317200 ms MarkObjects: 47.733000 ms  DeleteObjects: 0.097200 ms)

========================================================================
Received Prepare
Registering precompiled user dll's ...
Registered in 0.048804 seconds.
Begin MonoManager ReloadAssembly
Native extension for Lumin target not found
Native extension for LinuxStandalone target not found
Native extension for WindowsStandalone target not found
Native extension for OSXStandalone target not found
Native extension for WebGL target not found
Refreshing native plugins compatible for Editor in 1.23 ms, found 0 plugins.
Preloading 0 native plugins for Editor in 0.00 ms.
Invoked RoslynAnalysisRunner static constructor.
RoslynAnalysisRunner will not be running.
RoslynAnalysisRunner has terminated.
Mono: successfully reloaded assembly
- Completed reload, in 11.287 seconds
Platform modules already initialized, skipping
Refreshing native plugins compatible for Editor in 0.88 ms, found 0 plugins.
Preloading 0 native plugins for Editor in 0.00 ms.
Unloading 1136 Unused Serialized files (Serialized files now loaded: 0)
System memory in use before: 64.0 MB.
System memory in use after: 64.1 MB.

Unloading 10 unused Assets to reduce memory usage. Loaded Objects now: 1661.
Total: 12.042100 ms (FindLiveObjects: 0.550600 ms CreateObjectMapping: 0.563200 ms MarkObjects: 10.127200 ms  DeleteObjects: 0.796000 ms)

========================================================================
Received Prepare
Registering precompiled user dll's ...
Registered in 0.014852 seconds.
Begin MonoManager ReloadAssembly
Native extension for Lumin target not found
Native extension for LinuxStandalone target not found
Native extension for WindowsStandalone target not found
Native extension for OSXStandalone target not found
Native extension for WebGL target not found
Refreshing native plugins compatible for Editor in 0.42 ms, found 0 plugins.
Preloading 0 native plugins for Editor in 0.00 ms.
Invoked RoslynAnalysisRunner static constructor.
RoslynAnalysisRunner will not be running.
RoslynAnalysisRunner has terminated.
Mono: successfully reloaded assembly
- Completed reload, in  7.955 seconds
Platform modules already initialized, skipping
Refreshing native plugins compatible for Editor in 0.65 ms, found 0 plugins.
Preloading 0 native plugins for Editor in 0.00 ms.
Unloading 1136 Unused Serialized files (Serialized files now loaded: 0)
System memory in use before: 64.3 MB.
System memory in use after: 64.4 MB.

Unloading 10 unused Assets to reduce memory usage. Loaded Objects now: 1663.
Total: 15.370400 ms (FindLiveObjects: 1.199400 ms CreateObjectMapping: 0.195300 ms MarkObjects: 13.842800 ms  DeleteObjects: 0.129700 ms)

========================================================================
Received Prepare
Registering precompiled user dll's ...
Registered in 0.019888 seconds.
Begin MonoManager ReloadAssembly
Native extension for Lumin target not found
Native extension for LinuxStandalone target not found
Native extension for WindowsStandalone target not found
Native extension for OSXStandalone target not found
Native extension for WebGL target not found
Refreshing native plugins compatible for Editor in 0.64 ms, found 0 plugins.
Preloading 0 native plugins for Editor in 0.00 ms.
Invoked RoslynAnalysisRunner static constructor.
RoslynAnalysisRunner will not be running.
RoslynAnalysisRunner has terminated.
Mono: successfully reloaded assembly
- Completed reload, in  7.474 seconds
Platform modules already initialized, skipping
Refreshing native plugins compatible for Editor in 0.96 ms, found 0 plugins.
Preloading 0 native plugins for Editor in 0.00 ms.
Unloading 1136 Unused Serialized files (Serialized files now loaded: 0)
System memory in use before: 64.4 MB.
System memory in use after: 64.5 MB.

Unloading 10 unused Assets to reduce memory usage. Loaded Objects now: 1665.
Total: 5.491200 ms (FindLiveObjects: 0.511900 ms CreateObjectMapping: 0.171200 ms MarkObjects: 4.653500 ms  DeleteObjects: 0.151300 ms)

========================================================================
Received Prepare
Registering precompiled user dll's ...
Registered in 0.019305 seconds.
Begin MonoManager ReloadAssembly
Native extension for Lumin target not found
Native extension for LinuxStandalone target not found
Native extension for WindowsStandalone target not found
Native extension for OSXStandalone target not found
Native extension for WebGL target not found
Refreshing native plugins compatible for Editor in 0.85 ms, found 0 plugins.
Preloading 0 native plugins for Editor in 0.00 ms.
Invoked RoslynAnalysisRunner static constructor.
RoslynAnalysisRunner will not be running.
RoslynAnalysisRunner has terminated.
Mono: successfully reloaded assembly
- Completed reload, in  7.554 seconds
Platform modules already initialized, skipping
Refreshing native plugins compatible for Editor in 1.08 ms, found 0 plugins.
Preloading 0 native plugins for Editor in 0.00 ms.
Unloading 1136 Unused Serialized files (Serialized files now loaded: 0)
System memory in use before: 63.9 MB.
System memory in use after: 64.0 MB.

Unloading 10 unused Assets to reduce memory usage. Loaded Objects now: 1667.
Total: 16.331100 ms (FindLiveObjects: 2.236700 ms CreateObjectMapping: 0.375100 ms MarkObjects: 13.590800 ms  DeleteObjects: 0.125700 ms)

========================================================================
Received Prepare
Registering precompiled user dll's ...
Registered in 0.018345 seconds.
Begin MonoManager ReloadAssembly
Native extension for Lumin target not found
Native extension for LinuxStandalone target not found
Native extension for WindowsStandalone target not found
Native extension for OSXStandalone target not found
Native extension for WebGL target not found
Refreshing native plugins compatible for Editor in 2.40 ms, found 0 plugins.
Preloading 0 native plugins for Editor in 0.00 ms.
Invoked RoslynAnalysisRunner static constructor.
RoslynAnalysisRunner will not be running.
RoslynAnalysisRunner has terminated.
Mono: successfully reloaded assembly
- Completed reload, in  5.823 seconds
Platform modules already initialized, skipping
Refreshing native plugins compatible for Editor in 0.54 ms, found 0 plugins.
Preloading 0 native plugins for Editor in 0.00 ms.
Unloading 1136 Unused Serialized files (Serialized files now loaded: 0)
System memory in use before: 64.2 MB.
System memory in use after: 64.3 MB.

Unloading 10 unused Assets to reduce memory usage. Loaded Objects now: 1669.
Total: 3.982700 ms (FindLiveObjects: 0.390400 ms CreateObjectMapping: 0.200700 ms MarkObjects: 3.305700 ms  DeleteObjects: 0.082700 ms)

========================================================================
Received Prepare
Registering precompiled user dll's ...
Registered in 0.015723 seconds.
Begin MonoManager ReloadAssembly
Native extension for Lumin target not found
Native extension for LinuxStandalone target not found
Native extension for WindowsStandalone target not found
Native extension for OSXStandalone target not found
Native extension for WebGL target not found
Refreshing native plugins compatible for Editor in 0.45 ms, found 0 plugins.
Preloading 0 native plugins for Editor in 0.00 ms.
Invoked RoslynAnalysisRunner static constructor.
RoslynAnalysisRunner will not be running.
RoslynAnalysisRunner has terminated.
Mono: successfully reloaded assembly
- Completed reload, in  4.101 seconds
Platform modules already initialized, skipping
Refreshing native plugins compatible for Editor in 0.38 ms, found 0 plugins.
Preloading 0 native plugins for Editor in 0.00 ms.
Unloading 1136 Unused Serialized files (Serialized files now loaded: 0)
System memory in use before: 64.4 MB.
System memory in use after: 64.5 MB.

Unloading 10 unused Assets to reduce memory usage. Loaded Objects now: 1671.
Total: 5.552200 ms (FindLiveObjects: 1.533500 ms CreateObjectMapping: 0.223800 ms MarkObjects: 3.696100 ms  DeleteObjects: 0.094900 ms)

========================================================================
Received Prepare
Registering precompiled user dll's ...
Registered in 0.015481 seconds.
Begin MonoManager ReloadAssembly
Native extension for Lumin target not found
Native extension for LinuxStandalone target not found
Native extension for WindowsStandalone target not found
Native extension for OSXStandalone target not found
Native extension for WebGL target not found
Refreshing native plugins compatible for Editor in 0.97 ms, found 0 plugins.
Preloading 0 native plugins for Editor in 0.00 ms.
Invoked RoslynAnalysisRunner static constructor.
RoslynAnalysisRunner will not be running.
RoslynAnalysisRunner has terminated.
Mono: successfully reloaded assembly
- Completed reload, in  3.221 seconds
Platform modules already initialized, skipping
Refreshing native plugins compatible for Editor in 0.43 ms, found 0 plugins.
Preloading 0 native plugins for Editor in 0.00 ms.
Unloading 1136 Unused Serialized files (Serialized files now loaded: 0)
System memory in use before: 63.8 MB.
System memory in use after: 63.9 MB.

Unloading 10 unused Assets to reduce memory usage. Loaded Objects now: 1673.
Total: 4.636300 ms (FindLiveObjects: 0.359000 ms CreateObjectMapping: 0.106500 ms MarkObjects: 4.074500 ms  DeleteObjects: 0.093300 ms)

AssetImportWorkerClient::OnTransportError - code=2 error=End of file
